<?xml version="1.0" encoding="UTF-8"?>
<!-- Generated by org.testng.reporters.JUnitXMLReporter -->
<testsuite ignored="0" hostname="Aishwarya" failures="0" tests="4" name="Test-0" time="53.15" errors="0" timestamp="2024-09-22T05:09:00 IST">
  <testcase classname="test.BrowserStackTest" name="test1" time="0.884"/>
  <testcase classname="test.BrowserStackTest" name="test2" time="6.077"/>
  <testcase classname="test.BrowserStackTest" name="test3" time="0.781"/>
  <testcase classname="test.BrowserStackTest" name="test4" time="0.965"/>
</testsuite> <!-- Test-0 -->
