<?xml version="1.0" encoding="UTF-8"?>
<!-- Generated by org.testng.reporters.JUnitXMLReporter -->
<testsuite ignored="0" hostname="Aishwarya" failures="0" tests="2" name="Test-1" time="44.56" errors="0" timestamp="2024-09-22T06:08:51 IST">
  <testcase classname="test.BrowserStackTest" name="test1" time="2.05"/>
  <testcase classname="test.BrowserStackTest" name="test2" time="3.93"/>
</testsuite> <!-- Test-1 -->
