<?xml version="1.0" encoding="UTF-8"?>
<!-- Generated by org.testng.reporters.JUnitXMLReporter -->
<testsuite ignored="0" hostname="Aishwarya" failures="0" tests="2" name="Test-2" time="30.025" errors="0" timestamp="2024-09-22T06:08:36 IST">
  <testcase classname="test.BrowserStackTest" name="test1" time="0.553"/>
  <testcase classname="test.BrowserStackTest" name="test2" time="1.585"/>
</testsuite> <!-- Test-2 -->
