<?xml version="1.0" encoding="UTF-8"?>
<!-- Generated by org.testng.reporters.JUnitXMLReporter -->
<testsuite ignored="0" hostname="Aishwarya" failures="0" tests="4" name="Test-1" time="98.659" errors="0" timestamp="2024-09-22T05:09:46 IST">
  <testcase classname="test.BrowserStackTest" name="test1" time="1.997"/>
  <testcase classname="test.BrowserStackTest" name="test2" time="5.415"/>
  <testcase classname="test.BrowserStackTest" name="test3" time="1.521"/>
  <testcase classname="test.BrowserStackTest" name="test4" time="2.163"/>
</testsuite> <!-- Test-1 -->
