<?xml version="1.0" encoding="UTF-8"?>
<!-- Generated by org.testng.reporters.JUnitXMLReporter -->
<testsuite ignored="0" hostname="Aishwarya" failures="0" tests="4" name="Test-2" time="47.175" errors="0" timestamp="2024-09-22T05:08:54 IST">
  <testcase classname="test.BrowserStackTest" name="test1" time="0.501"/>
  <testcase classname="test.BrowserStackTest" name="test2" time="1.685"/>
  <testcase classname="test.BrowserStackTest" name="test3" time="0.601"/>
  <testcase classname="test.BrowserStackTest" name="test4" time="0.391"/>
</testsuite> <!-- Test-2 -->
