<?xml version="1.0" encoding="UTF-8"?>
<!-- Generated by org.testng.reporters.JUnitXMLReporter -->
<testsuite ignored="0" hostname="Aishwarya" failures="0" tests="2" name="Test-0" time="36.926" errors="0" timestamp="2024-09-22T06:08:43 IST">
  <testcase classname="test.BrowserStackTest" name="test1" time="1.221"/>
  <testcase classname="test.BrowserStackTest" name="test2" time="3.355"/>
</testsuite> <!-- Test-0 -->
