<?xml version="1.0" encoding="UTF-8"?>
<!-- Generated by org.testng.reporters.JUnitReportReporter -->
<testsuite hostname="Aishwarya" failures="0" tests="6" name="test.BrowserStackTest" time="110.128" errors="0" timestamp="2024-09-22T06:08:51 IST" skipped="0">
  <testcase classname="test.BrowserStackTest" name="test1" time="14.890"/>
  <testcase classname="test.BrowserStackTest" name="test2" time="21.683"/>
  <testcase classname="test.BrowserStackTest" name="test1" time="19.541"/>
  <testcase classname="test.BrowserStackTest" name="test2" time="16.813"/>
  <testcase classname="test.BrowserStackTest" name="test2" time="14.710"/>
  <testcase classname="test.BrowserStackTest" name="test1" time="22.491"/>
</testsuite> <!-- test.BrowserStackTest -->
