<?xml version="1.0" encoding="UTF-8"?>
<!-- Generated by org.testng.reporters.JUnitReportReporter -->
<testsuite hostname="Aishwarya" failures="0" tests="12" name="test.BrowserStackTest" time="196.595" errors="0" timestamp="2024-09-22T05:09:47 IST" skipped="0">
  <testcase classname="test.BrowserStackTest" name="test1" time="11.523"/>
  <testcase classname="test.BrowserStackTest" name="test2" time="13.386"/>
  <testcase classname="test.BrowserStackTest" name="test2" time="16.103"/>
  <testcase classname="test.BrowserStackTest" name="test3" time="11.526"/>
  <testcase classname="test.BrowserStackTest" name="test4" time="11.619"/>
  <testcase classname="test.BrowserStackTest" name="test3" time="10.782"/>
  <testcase classname="test.BrowserStackTest" name="test4" time="10.684"/>
  <testcase classname="test.BrowserStackTest" name="test3" time="23.751"/>
  <testcase classname="test.BrowserStackTest" name="test4" time="25.468"/>
  <testcase classname="test.BrowserStackTest" name="test1" time="22.747"/>
  <testcase classname="test.BrowserStackTest" name="test2" time="25.892"/>
  <testcase classname="test.BrowserStackTest" name="test1" time="13.114"/>
</testsuite> <!-- test.BrowserStackTest -->
