<?xml version="1.0" encoding="UTF-8"?>
<!-- Generated by org.testng.reporters.JUnitReportReporter -->
<testsuite hostname="Aishwarya" failures="0" tests="6" name="test.BrowserStackTest" time="123.237" errors="0" timestamp="2024-09-22T06:18:21 IST" skipped="0">
  <testcase classname="test.BrowserStackTest" name="test2" time="27.331"/>
  <testcase classname="test.BrowserStackTest" name="test1" time="19.902"/>
  <testcase classname="test.BrowserStackTest" name="test2" time="11.853"/>
  <testcase classname="test.BrowserStackTest" name="test1" time="17.419"/>
  <testcase classname="test.BrowserStackTest" name="test1" time="33.827"/>
  <testcase classname="test.BrowserStackTest" name="test2" time="12.905"/>
</testsuite> <!-- test.BrowserStackTest -->
