<?xml version="1.0" encoding="UTF-8"?>
<!-- Generated by org.testng.reporters.JUnitReportReporter -->
<testsuite hostname="Aishwarya" failures="0" tests="6" name="test.BrowserStackTest" time="110.195" errors="0" timestamp="2024-09-22T06:10:59 IST" skipped="0">
  <testcase classname="test.BrowserStackTest" name="test1" time="14.356"/>
  <testcase classname="test.BrowserStackTest" name="test2" time="16.200"/>
  <testcase classname="test.BrowserStackTest" name="test1" time="16.807"/>
  <testcase classname="test.BrowserStackTest" name="test1" time="20.457"/>
  <testcase classname="test.BrowserStackTest" name="test2" time="25.069"/>
  <testcase classname="test.BrowserStackTest" name="test2" time="17.306"/>
</testsuite> <!-- test.BrowserStackTest -->
