<?xml version="1.0" encoding="UTF-8"?>
<!-- Generated by org.testng.reporters.JUnitReportReporter -->
<testsuite hostname="Aishwarya" failures="0" tests="6" name="test.BrowserStackTest" time="103.994" errors="0" timestamp="2024-09-22T05:16:43 IST" skipped="0">
  <testcase classname="test.BrowserStackTest" name="test1" time="22.979"/>
  <testcase classname="test.BrowserStackTest" name="test1" time="14.734"/>
  <testcase classname="test.BrowserStackTest" name="test1" time="14.267"/>
  <testcase classname="test.BrowserStackTest" name="test2" time="11.726"/>
  <testcase classname="test.BrowserStackTest" name="test2" time="29.054"/>
  <testcase classname="test.BrowserStackTest" name="test2" time="11.234"/>
</testsuite> <!-- test.BrowserStackTest -->
