<?xml version="1.0" encoding="UTF-8"?>
<!-- Generated by org.testng.reporters.JUnitReportReporter -->
<testsuite hostname="Aishwarya" failures="0" tests="6" name="test.BrowserStackTest" time="116.873" errors="0" timestamp="2024-09-22T06:30:06 IST" skipped="0">
  <testcase classname="test.BrowserStackTest" name="test1" time="12.668"/>
  <testcase classname="test.BrowserStackTest" name="test2" time="31.803"/>
  <testcase classname="test.BrowserStackTest" name="test2" time="18.397"/>
  <testcase classname="test.BrowserStackTest" name="test2" time="17.774"/>
  <testcase classname="test.BrowserStackTest" name="test1" time="22.898"/>
  <testcase classname="test.BrowserStackTest" name="test1" time="13.333"/>
</testsuite> <!-- test.BrowserStackTest -->
